<?xml version="1.0" encoding="UTF-8" standalone="no"?>
<testsuite errors="0" failures="0" name="io.cucumber.core.plugin.JUnitFormatter" skipped="0" tests="1" time="31.806">
<testcase classname="Register with data table details" name="Register with data table" time="31.178">
<system-out><![CDATA[Given User is already on Registration page..................................passed
When user enters firstname and lastname.....................................passed
Then user enters username password and confirmPassword......................passed
And user click on submit button.............................................passed
Then close the browser......................................................passed
]]></system-out>
</testcase>
</testsuite>
